# JRE version: Java(TM) SE Runtime Environment (17.0.10+11) (build 17.0.10+11-LTS-240)
# Java VM: Java HotSpot(TM) 64-Bit Server VM (17.0.10+11-LTS-240, mixed mode, emulated-client, sharing, tiered, compressed oops, compressed class ptrs, g1 gc, windows-amd64)
GC Precious Log:
 CPUs: 8 total, 8 available
 Memory: 7901M
 Large Page Support: Disabled
 NUMA Support: Disabled
 Compressed Oops: Enabled (32-bit)
 Heap Region Size: 1M
 Heap Min Capacity: 8M
 Heap Initial Capacity: 124M
 Heap Max Capacity: 1976M
 Pre-touch: Disabled
 Parallel Workers: 8
 Concurrent Workers: 2
 Concurrent Refinement Workers: 8
 Periodic GC: Disabled
Heap:
 garbage-first heap   total 126976K, used 46925K [0x0000000084800000, 0x0000000100000000)
  region size 1024K, 3 young (3072K), 3 survivors (3072K)
 Metaspace       used 72148K, committed 73088K, reserved 1114112K
  class space    used 10618K, committed 10944K, reserved 1048576K
GC Heap History (20 events):
Event: 29.406 GC heap after
{Heap after GC invocations=22 (full 0):
 garbage-first heap   total 66560K, used 35387K [0x0000000084800000, 0x0000000100000000)
  region size 1024K, 3 young (3072K), 3 survivors (3072K)
 Metaspace       used 68988K, committed 69568K, reserved 1114112K
  class space    used 10206K, committed 10496K, reserved 1048576K
}
Event: 31.166 GC heap before
{Heap before GC invocations=23 (full 0):
 garbage-first heap   total 66560K, used 52795K [0x0000000084800000, 0x0000000100000000)
  region size 1024K, 21 young (21504K), 3 survivors (3072K)
 Metaspace       used 72060K, committed 72640K, reserved 1114112K
  class space    used 10628K, committed 10880K, reserved 1048576K
}
Event: 31.180 GC heap after
{Heap after GC invocations=24 (full 0):
 garbage-first heap   total 66560K, used 36496K [0x0000000084800000, 0x0000000100000000)
  region size 1024K, 3 young (3072K), 3 survivors (3072K)
 Metaspace       used 72060K, committed 72640K, reserved 1114112K
  class space    used 10628K, committed 10880K, reserved 1048576K
}
Event: 168.612 GC heap before
{Heap before GC invocations=24 (full 0):
 garbage-first heap   total 66560K, used 52880K [0x0000000084800000, 0x0000000100000000)
  region size 1024K, 20 young (20480K), 3 survivors (3072K)
 Metaspace       used 72470K, committed 73088K, reserved 1114112K
  class space    used 10689K, committed 10944K, reserved 1048576K
}
Event: 168.631 GC heap after
{Heap after GC invocations=25 (full 0):
 garbage-first heap   total 66560K, used 42460K [0x0000000084800000, 0x0000000100000000)
  region size 1024K, 3 young (3072K), 3 survivors (3072K)
 Metaspace       used 72470K, committed 73088K, reserved 1114112K
  class space    used 10689K, committed 10944K, reserved 1048576K
}
Event: 171.047 GC heap before
{Heap before GC invocations=26 (full 0):
 garbage-first heap   total 76800K, used 52700K [0x0000000084800000, 0x0000000100000000)
  region size 1024K, 13 young (13312K), 3 survivors (3072K)
 Metaspace       used 72169K, committed 73088K, reserved 1114112K
  class space    used 10622K, committed 10944K, reserved 1048576K
}
Event: 171.058 GC heap after
{Heap after GC invocations=27 (full 0):
 garbage-first heap   total 76800K, used 44670K [0x0000000084800000, 0x0000000100000000)
  region size 1024K, 2 young (2048K), 2 survivors (2048K)
 Metaspace       used 72169K, committed 73088K, reserved 1114112K
  class space    used 10622K, committed 10944K, reserved 1048576K
}
Event: 171.089 GC heap before
{Heap before GC invocations=27 (full 0):
 garbage-first heap   total 76800K, used 45694K [0x0000000084800000, 0x0000000100000000)
  region size 1024K, 3 young (3072K), 2 survivors (2048K)
 Metaspace       used 72169K, committed 73088K, reserved 1114112K
  class space    used 10622K, committed 10944K, reserved 1048576K
}
Event: 171.104 GC heap after
{Heap after GC invocations=28 (full 0):
 garbage-first heap   total 76800K, used 42592K [0x0000000084800000, 0x0000000100000000)
  region size 1024K, 1 young (1024K), 1 survivors (1024K)
 Metaspace       used 72169K, committed 73088K, reserved 1114112K
  class space    used 10622K, committed 10944K, reserved 1048576K
}
Event: 173.847 GC heap before
{Heap before GC invocations=28 (full 0):
 garbage-first heap   total 76800K, used 57952K [0x0000000084800000, 0x0000000100000000)
  region size 1024K, 17 young (17408K), 1 survivors (1024K)
 Metaspace       used 72169K, committed 73088K, reserved 1114112K
  class space    used 10622K, committed 10944K, reserved 1048576K
}
Event: 173.854 GC heap after
{Heap after GC invocations=29 (full 0):
 garbage-first heap   total 76800K, used 46945K [0x0000000084800000, 0x0000000100000000)
  region size 1024K, 3 young (3072K), 3 survivors (3072K)
 Metaspace       used 72169K, committed 73088K, reserved 1114112K
  class space    used 10622K, committed 10944K, reserved 1048576K
}
Event: 244.721 GC heap before
{Heap before GC invocations=30 (full 0):
 garbage-first heap   total 80896K, used 59233K [0x0000000084800000, 0x0000000100000000)
  region size 1024K, 16 young (16384K), 3 survivors (3072K)
 Metaspace       used 72147K, committed 73088K, reserved 1114112K
  class space    used 10617K, committed 10944K, reserved 1048576K
}
Event: 244.727 GC heap after
{Heap after GC invocations=31 (full 0):
 garbage-first heap   total 80896K, used 47935K [0x0000000084800000, 0x0000000100000000)
  region size 1024K, 2 young (2048K), 2 survivors (2048K)
 Metaspace       used 72147K, committed 73088K, reserved 1114112K
  class space    used 10617K, committed 10944K, reserved 1048576K
}
Event: 244.823 GC heap before
{Heap before GC invocations=31 (full 0):
 garbage-first heap   total 80896K, used 47935K [0x0000000084800000, 0x0000000100000000)
  region size 1024K, 3 young (3072K), 2 survivors (2048K)
 Metaspace       used 72147K, committed 73088K, reserved 1114112K
  class space    used 10617K, committed 10944K, reserved 1048576K
}
Event: 244.831 GC heap after
{Heap after GC invocations=32 (full 0):
 garbage-first heap   total 80896K, used 43710K [0x0000000084800000, 0x0000000100000000)
  region size 1024K, 1 young (1024K), 1 survivors (1024K)
 Metaspace       used 72147K, committed 73088K, reserved 1114112K
  class space    used 10617K, committed 10944K, reserved 1048576K
}
Event: 244.977 GC heap before
{Heap before GC invocations=32 (full 0):
 garbage-first heap   total 80896K, used 45758K [0x0000000084800000, 0x0000000100000000)
  region size 1024K, 3 young (3072K), 1 survivors (1024K)
 Metaspace       used 72147K, committed 73088K, reserved 1114112K
  class space    used 10617K, committed 10944K, reserved 1048576K
}
Event: 244.987 GC heap after
{Heap after GC invocations=33 (full 0):
 garbage-first heap   total 80896K, used 43950K [0x0000000084800000, 0x0000000100000000)
  region size 1024K, 1 young (1024K), 1 survivors (1024K)
 Metaspace       used 72147K, committed 73088K, reserved 1114112K
  class space    used 10617K, committed 10944K, reserved 1048576K
}
Event: 248.645 GC heap before
{Heap before GC invocations=33 (full 0):
 garbage-first heap   total 80896K, used 59310K [0x0000000084800000, 0x0000000100000000)
  region size 1024K, 17 young (17408K), 1 survivors (1024K)
 Metaspace       used 72148K, committed 73088K, reserved 1114112K
  class space    used 10618K, committed 10944K, reserved 1048576K
}
Event: 248.648 GC heap after
{Heap after GC invocations=34 (full 0):
 garbage-first heap   total 80896K, used 43902K [0x0000000084800000, 0x0000000100000000)
  region size 1024K, 1 young (1024K), 1 survivors (1024K)
 Metaspace       used 72148K, committed 73088K, reserved 1114112K
  class space    used 10618K, committed 10944K, reserved 1048576K
}
Event: 444.849 GC heap before
{Heap before GC invocations=35 (full 0):
 garbage-first heap   total 80896K, used 61310K [0x0000000084800000, 0x0000000100000000)
  region size 1024K, 19 young (19456K), 1 survivors (1024K)
 Metaspace       used 72148K, committed 73088K, reserved 1114112K
  class space    used 10618K, committed 10944K, reserved 1048576K
}

